#
# There is insufficient memory for the Java Runtime Environment to continue.
# Native memory allocation (malloc) failed to allocate 32744 bytes for ChunkPool::allocate
# Possible reasons:
#   The system is out of physical RAM or swap space
#   In 32 bit mode, the process size limit was hit
# Possible solutions:
#   Reduce memory load on the system
#   Increase physical memory or swap space
#   Check if swap backing store is full
#   Use 64 bit Java on a 64 bit OS
#   Decrease Java heap size (-Xmx/-Xms)
#   Decrease number of Java threads
#   Decrease Java thread stack sizes (-Xss)
#   Set larger code cache with -XX:ReservedCodeCacheSize=
# This output file may be truncated or incomplete.
#
#  Out of Memory Error (allocation.cpp:273), pid=14224, tid=0x0000000000003248
#
# JRE version: OpenJDK Runtime Environment (8.0_152-b01) (build 1.8.0_152-release-1248-b01)
# Java VM: OpenJDK 64-Bit Server VM (25.152-b01 mixed mode windows-amd64 compressed oops)
# Failed to write core dump. Minidumps are not enabled by default on client versions of Windows
#

---------------  T H R E A D  ---------------

Current thread (0x00000000577fa800):  JavaThread "C2 CompilerThread0" daemon [_thread_in_native, id=12872, stack(0x0000000057ee0000,0x0000000057fe0000)]

Stack: [0x0000000057ee0000,0x0000000057fe0000]
[error occurred during error reporting (printing stack bounds), id 0xc0000005]

Native frames: (J=compiled Java code, j=interpreted, Vv=VM code, C=native code)


Current CompileTask:
C2:   3871 1327   !   4       java.net.URLClassLoader$1::run (63 bytes)


---------------  P R O C E S S  ---------------

Java Threads: ( => current thread )
  0x0000000059640800 JavaThread "Stdin handler" [_thread_blocked, id=13988, stack(0x000000005ae80000,0x000000005af80000)]
  0x000000005964c800 JavaThread "Asynchronous log dispatcher for DefaultDaemonConnection: socket connection from /127.0.0.1:62201 to /127.0.0.1:62202" [_thread_blocked, id=10784, stack(0x000000005ad70000,0x000000005ae70000)]
  0x0000000059824000 JavaThread "Daemon worker" [_thread_in_vm, id=13972, stack(0x000000005a530000,0x000000005a630000)]
  0x000000005964e000 JavaThread "Cancel handler" [_thread_blocked, id=12256, stack(0x000000005abe0000,0x000000005ace0000)]
  0x0000000059628000 JavaThread "Handler for socket connection from /127.0.0.1:62201 to /127.0.0.1:62202" [_thread_in_native, id=14956, stack(0x000000005a800000,0x000000005a900000)]
  0x0000000059627000 JavaThread "Daemon" [_thread_blocked, id=12884, stack(0x0000000059d30000,0x0000000059e30000)]
  0x00000000592d5800 JavaThread "Daemon periodic checks" [_thread_blocked, id=1976, stack(0x000000005a660000,0x000000005a760000)]
  0x00000000592d4000 JavaThread "Incoming local TCP Connector on port 62201" [_thread_in_native, id=9992, stack(0x000000005a380000,0x000000005a480000)]
  0x0000000057892800 JavaThread "Service Thread" daemon [_thread_blocked, id=13168, stack(0x0000000058460000,0x0000000058560000)]
  0x000000005781a000 JavaThread "C1 CompilerThread2" daemon [_thread_blocked, id=2016, stack(0x0000000058270000,0x0000000058370000)]
  0x0000000057819800 JavaThread "C2 CompilerThread1" daemon [_thread_in_native, id=9284, stack(0x00000000580c0000,0x00000000581c0000)]
=>0x00000000577fa800 JavaThread "C2 CompilerThread0" daemon [_thread_in_native, id=12872, stack(0x0000000057ee0000,0x0000000057fe0000)]
  0x00000000577f9000 JavaThread "Attach Listener" daemon [_thread_blocked, id=14608, stack(0x0000000057d60000,0x0000000057e60000)]
  0x00000000577f8800 JavaThread "Signal Dispatcher" daemon [_thread_blocked, id=8808, stack(0x0000000057c60000,0x0000000057d60000)]
  0x00000000565d8800 JavaThread "Finalizer" daemon [_thread_blocked, id=12072, stack(0x00000000576f0000,0x00000000577f0000)]
  0x0000000056591000 JavaThread "Reference Handler" daemon [_thread_blocked, id=7080, stack(0x00000000575e0000,0x00000000576e0000)]
  0x00000000025de800 JavaThread "main" [_thread_blocked, id=9252, stack(0x0000000002930000,0x0000000002a30000)]

Other Threads:
  0x0000000056589800 VMThread [stack: 0x0000000057420000,0x0000000057520000] [id=14624]
  0x0000000057864800 WatcherThread [stack: 0x00000000572c0000,0x00000000573c0000] [id=13244]

VM state:not at safepoint (normal execution)

VM Mutex/Monitor currently owned by a thread: None

Heap:
 PSYoungGen      total 27648K, used 5276K [0x00000000e0000000, 0x00000000e1f80000, 0x0000000100000000)
  eden space 23040K, 9% used [0x00000000e0000000,0x00000000e0221a98,0x00000000e1680000)
  from space 4608K, 67% used [0x00000000e1b00000,0x00000000e1e057a8,0x00000000e1f80000)
  to   space 4608K, 0% used [0x00000000e1680000,0x00000000e1680000,0x00000000e1b00000)
 ParOldGen       total 31744K, used 4384K [0x00000000a0000000, 0x00000000a1f00000, 0x00000000e0000000)
  object space 31744K, 13% used [0x00000000a0000000,0x00000000a04482e8,0x00000000a1f00000)
 Metaspace       used 13695K, capacity 14118K, committed 14464K, reserved 1060864K
  class space    used 1928K, capacity 2065K, committed 2176K, reserved 1048576K

Card table byte_map: [0x0000000011df0000,0x0000000012100000] byte_map_base: 0x00000000118f0000

Marking Bits: (ParMarkBitMap*) 0x000000006d635aa0
 Begin Bits: [0x0000000012900000, 0x0000000014100000)
 End Bits:   [0x0000000014100000, 0x0000000015900000)

Polling page: 0x0000000000130000

CodeCache: size=245760Kb used=4616Kb max_used=4618Kb free=241143Kb
 bounds [0x0000000002a30000, 0x0000000002ec0000, 0x0000000011a30000]
 total_blobs=1692 nmethods=1324 adapters=281
 compilation: enabled

Compilation events (10 events):
Event: 3.836 Thread 0x000000005781a000 nmethod 1322 0x0000000002eb0990 code [0x0000000002eb0b00, 0x0000000002eb0d28]
Event: 3.836 Thread 0x000000005781a000 1323       3       org.gradle.internal.service.DefaultServiceRegistry$OwnServices::add (66 bytes)
Event: 3.837 Thread 0x00000000577fa800 nmethod 1317 0x0000000002eaef50 code [0x0000000002eaf0e0, 0x0000000002eaf2b8]
Event: 3.837 Thread 0x000000005781a000 nmethod 1323 0x0000000002eb4690 code [0x0000000002eb4920, 0x0000000002eb5a98]
Event: 3.837 Thread 0x000000005781a000 1324       3       org.gradle.internal.service.DefaultServiceRegistry::access$1000 (5 bytes)
Event: 3.837 Thread 0x000000005781a000 nmethod 1324 0x0000000002eaeb10 code [0x0000000002eaec80, 0x0000000002eaede8]
Event: 3.837 Thread 0x000000005781a000 1325       3       org.gradle.internal.service.DefaultServiceRegistry$OwnServices$ProviderAnalyser::addProviderForClassHierarchy (16 bytes)
Event: 3.837 Thread 0x000000005781a000 nmethod 1325 0x0000000002eb04d0 code [0x0000000002eb0640, 0x0000000002eb0898]
Event: 3.853 Thread 0x0000000057819800 1326       4       java.net.URLClassLoader$1::run (5 bytes)
Event: 3.853 Thread 0x00000000577fa800 1327   !   4       java.net.URLClassLoader$1::run (63 bytes)

GC Heap History (10 events):
Event: 1.564 GC heap before
{Heap before GC invocations=3 (full 0):
 PSYoungGen      total 18944K, used 18921K [0x00000000e0000000, 0x00000000e1500000, 0x0000000100000000)
  eden space 16384K, 100% used [0x00000000e0000000,0x00000000e1000000,0x00000000e1000000)
  from space 2560K, 99% used [0x00000000e1280000,0x00000000e14fa630,0x00000000e1500000)
  to   space 2560K, 0% used [0x00000000e1000000,0x00000000e1000000,0x00000000e1280000)
 ParOldGen       total 44032K, used 1006K [0x00000000a0000000, 0x00000000a2b00000, 0x00000000e0000000)
  object space 44032K, 2% used [0x00000000a0000000,0x00000000a00fb840,0x00000000a2b00000)
 Metaspace       used 7086K, capacity 7284K, committed 7424K, reserved 1056768K
  class space    used 874K, capacity 920K, committed 1024K, reserved 1048576K
Event: 1.569 GC heap after
Heap after GC invocations=3 (full 0):
 PSYoungGen      total 18944K, used 2537K [0x00000000e0000000, 0x00000000e1500000, 0x0000000100000000)
  eden space 16384K, 0% used [0x00000000e0000000,0x00000000e0000000,0x00000000e1000000)
  from space 2560K, 99% used [0x00000000e1000000,0x00000000e127a610,0x00000000e1280000)
  to   space 2560K, 0% used [0x00000000e1280000,0x00000000e1280000,0x00000000e1500000)
 ParOldGen       total 44032K, used 1642K [0x00000000a0000000, 0x00000000a2b00000, 0x00000000e0000000)
  object space 44032K, 3% used [0x00000000a0000000,0x00000000a019a8c0,0x00000000a2b00000)
 Metaspace       used 7086K, capacity 7284K, committed 7424K, reserved 1056768K
  class space    used 874K, capacity 920K, committed 1024K, reserved 1048576K
}
Event: 1.949 GC heap before
{Heap before GC invocations=4 (full 0):
 PSYoungGen      total 18944K, used 17593K [0x00000000e0000000, 0x00000000e1500000, 0x0000000100000000)
  eden space 16384K, 91% used [0x00000000e0000000,0x00000000e0eb3fd8,0x00000000e1000000)
  from space 2560K, 99% used [0x00000000e1000000,0x00000000e127a610,0x00000000e1280000)
  to   space 2560K, 0% used [0x00000000e1280000,0x00000000e1280000,0x00000000e1500000)
 ParOldGen       total 44032K, used 1642K [0x00000000a0000000, 0x00000000a2b00000, 0x00000000e0000000)
  object space 44032K, 3% used [0x00000000a0000000,0x00000000a019a8c0,0x00000000a2b00000)
 Metaspace       used 9237K, capacity 9512K, committed 9600K, reserved 1060864K
  class space    used 1234K, capacity 1360K, committed 1408K, reserved 1048576K
Event: 1.968 GC heap after
Heap after GC invocations=4 (full 0):
 PSYoungGen      total 18944K, used 2553K [0x00000000e0000000, 0x00000000e1500000, 0x0000000100000000)
  eden space 16384K, 0% used [0x00000000e0000000,0x00000000e0000000,0x00000000e1000000)
  from space 2560K, 99% used [0x00000000e1280000,0x00000000e14fe620,0x00000000e1500000)
  to   space 2560K, 0% used [0x00000000e1000000,0x00000000e1000000,0x00000000e1280000)
 ParOldGen       total 44032K, used 3511K [0x00000000a0000000, 0x00000000a2b00000, 0x00000000e0000000)
  object space 44032K, 7% used [0x00000000a0000000,0x00000000a036dcd0,0x00000000a2b00000)
 Metaspace       used 9237K, capacity 9512K, committed 9600K, reserved 1060864K
  class space    used 1234K, capacity 1360K, committed 1408K, reserved 1048576K
}
Event: 1.968 GC heap before
{Heap before GC invocations=5 (full 1):
 PSYoungGen      total 18944K, used 2553K [0x00000000e0000000, 0x00000000e1500000, 0x0000000100000000)
  eden space 16384K, 0% used [0x00000000e0000000,0x00000000e0000000,0x00000000e1000000)
  from space 2560K, 99% used [0x00000000e1280000,0x00000000e14fe620,0x00000000e1500000)
  to   space 2560K, 0% used [0x00000000e1000000,0x00000000e1000000,0x00000000e1280000)
 ParOldGen       total 44032K, used 3511K [0x00000000a0000000, 0x00000000a2b00000, 0x00000000e0000000)
  object space 44032K, 7% used [0x00000000a0000000,0x00000000a036dcd0,0x00000000a2b00000)
 Metaspace       used 9237K, capacity 9512K, committed 9600K, reserved 1060864K
  class space    used 1234K, capacity 1360K, committed 1408K, reserved 1048576K
Event: 2.015 GC heap after
Heap after GC invocations=5 (full 1):
 PSYoungGen      total 18944K, used 0K [0x00000000e0000000, 0x00000000e1500000, 0x0000000100000000)
  eden space 16384K, 0% used [0x00000000e0000000,0x00000000e0000000,0x00000000e1000000)
  from space 2560K, 0% used [0x00000000e1280000,0x00000000e1280000,0x00000000e1500000)
  to   space 2560K, 0% used [0x00000000e1000000,0x00000000e1000000,0x00000000e1280000)
 ParOldGen       total 31744K, used 4368K [0x00000000a0000000, 0x00000000a1f00000, 0x00000000e0000000)
  object space 31744K, 13% used [0x00000000a0000000,0x00000000a04442e8,0x00000000a1f00000)
 Metaspace       used 9237K, capacity 9512K, committed 9600K, reserved 1058816K
  class space    used 1234K, capacity 1360K, committed 1408K, reserved 1048576K
}
Event: 3.578 GC heap before
{Heap before GC invocations=6 (full 1):
 PSYoungGen      total 18944K, used 16384K [0x00000000e0000000, 0x00000000e1500000, 0x0000000100000000)
  eden space 16384K, 100% used [0x00000000e0000000,0x00000000e1000000,0x00000000e1000000)
  from space 2560K, 0% used [0x00000000e1280000,0x00000000e1280000,0x00000000e1500000)
  to   space 2560K, 0% used [0x00000000e1000000,0x00000000e1000000,0x00000000e1280000)
 ParOldGen       total 31744K, used 4368K [0x00000000a0000000, 0x00000000a1f00000, 0x00000000e0000000)
  object space 31744K, 13% used [0x00000000a0000000,0x00000000a04442e8,0x00000000a1f00000)
 Metaspace       used 12222K, capacity 12638K, committed 12928K, reserved 1060864K
  class space    used 1661K, capacity 1805K, committed 1920K, reserved 1048576K
Event: 3.583 GC heap after
Heap after GC invocations=6 (full 1):
 PSYoungGen      total 18944K, used 2195K [0x00000000e0000000, 0x00000000e1f80000, 0x0000000100000000)
  eden space 16384K, 0% used [0x00000000e0000000,0x00000000e0000000,0x00000000e1000000)
  from space 2560K, 85% used [0x00000000e1000000,0x00000000e1224f50,0x00000000e1280000)
  to   space 4608K, 0% used [0x00000000e1b00000,0x00000000e1b00000,0x00000000e1f80000)
 ParOldGen       total 31744K, used 4376K [0x00000000a0000000, 0x00000000a1f00000, 0x00000000e0000000)
  object space 31744K, 13% used [0x00000000a0000000,0x00000000a04462e8,0x00000000a1f00000)
 Metaspace       used 12222K, capacity 12638K, committed 12928K, reserved 1060864K
  class space    used 1661K, capacity 1805K, committed 1920K, reserved 1048576K
}
Event: 3.838 GC heap before
{Heap before GC invocations=7 (full 1):
 PSYoungGen      total 18944K, used 18579K [0x00000000e0000000, 0x00000000e1f80000, 0x0000000100000000)
  eden space 16384K, 100% used [0x00000000e0000000,0x00000000e1000000,0x00000000e1000000)
  from space 2560K, 85% used [0x00000000e1000000,0x00000000e1224f50,0x00000000e1280000)
  to   space 4608K, 0% used [0x00000000e1b00000,0x00000000e1b00000,0x00000000e1f80000)
 ParOldGen       total 31744K, used 4376K [0x00000000a0000000, 0x00000000a1f00000, 0x00000000e0000000)
  object space 31744K, 13% used [0x00000000a0000000,0x00000000a04462e8,0x00000000a1f00000)
 Metaspace       used 13634K, capacity 13990K, committed 14208K, reserved 1060864K
  class space    used 1913K, capacity 2065K, committed 2176K, reserved 1048576K
Event: 3.842 GC heap after
Heap after GC invocations=7 (full 1):
 PSYoungGen      total 27648K, used 3093K [0x00000000e0000000, 0x00000000e1f80000, 0x0000000100000000)
  eden space 23040K, 0% used [0x00000000e0000000,0x00000000e0000000,0x00000000e1680000)
  from space 4608K, 67% used [0x00000000e1b00000,0x00000000e1e057a8,0x00000000e1f80000)
  to   space 4608K, 0% used [0x00000000e1680000,0x00000000e1680000,0x00000000e1b00000)
 ParOldGen       total 31744K, used 4384K [0x00000000a0000000, 0x00000000a1f00000, 0x00000000e0000000)
  object space 31744K, 13% used [0x00000000a0000000,0x00000000a04482e8,0x00000000a1f00000)
 Metaspace       used 13634K, capacity 13990K, committed 14208K, reserved 1060864K
  class space    used 1913K, capacity 2065K, committed 2176K, reserved 1048576K
}

Deoptimization events (10 events):
Event: 1.847 Thread 0x00000000025de800 Uncommon trap: reason=unstable_if action=reinterpret pc=0x0000000002cb1580 method=java.util.HashMap.getNode(ILjava/lang/Object;)Ljava/util/HashMap$Node; @ 129
Event: 1.847 Thread 0x00000000025de800 Uncommon trap: reason=class_check action=maybe_recompile pc=0x0000000002cc3f28 method=java.util.HashMap.putVal(ILjava/lang/Object;Ljava/lang/Object;ZZ)Ljava/lang/Object; @ 203
Event: 2.394 Thread 0x00000000025de800 Uncommon trap: reason=unstable_if action=reinterpret pc=0x0000000002ce9418 method=java.io.WinNTFileSystem.normalize(Ljava/lang/String;)Ljava/lang/String; @ 128
Event: 2.394 Thread 0x00000000025de800 Uncommon trap: reason=unstable_if action=reinterpret pc=0x0000000002d5cb90 method=java.io.WinNTFileSystem.normalize(Ljava/lang/String;II)Ljava/lang/String; @ 90
Event: 3.390 Thread 0x0000000059628000 Uncommon trap: reason=unstable_if action=reinterpret pc=0x0000000002e1f31c method=java.util.concurrent.ConcurrentHashMap.putVal(Ljava/lang/Object;Ljava/lang/Object;Z)Ljava/lang/Object; @ 206
Event: 3.468 Thread 0x0000000059824000 Uncommon trap: reason=bimorphic action=maybe_recompile pc=0x0000000002cc3a18 method=java.util.HashMap.putVal(ILjava/lang/Object;Ljava/lang/Object;ZZ)Ljava/lang/Object; @ 253
Event: 3.468 Thread 0x0000000059824000 Uncommon trap: reason=bimorphic action=maybe_recompile pc=0x0000000002cc3a18 method=java.util.HashMap.putVal(ILjava/lang/Object;Ljava/lang/Object;ZZ)Ljava/lang/Object; @ 253
Event: 3.468 Thread 0x0000000059824000 Uncommon trap: reason=bimorphic action=maybe_recompile pc=0x0000000002cc3a18 method=java.util.HashMap.putVal(ILjava/lang/Object;Ljava/lang/Object;ZZ)Ljava/lang/Object; @ 253
Event: 3.468 Thread 0x0000000059824000 Uncommon trap: reason=bimorphic action=maybe_recompile pc=0x0000000002cc3a18 method=java.util.HashMap.putVal(ILjava/lang/Object;Ljava/lang/Object;ZZ)Ljava/lang/Object; @ 253
Event: 3.468 Thread 0x0000000059824000 Uncommon trap: reason=bimorphic action=maybe_recompile pc=0x0000000002cbefd0 method=java.util.HashMap.putVal(ILjava/lang/Object;Ljava/lang/Object;ZZ)Ljava/lang/Object; @ 253

Classes redefined (0 events):
No events

Internal exceptions (10 events):
Event: 3.397 Thread 0x0000000059628000 Exception <a 'java/lang/NoSuchMethodError': <clinit>> (0x00000000e05d6460) thrown at [D:\src\AOSP-openjdk-cygwin\jdk8u\hotspot\src\share\vm\prims\jni.cpp, line 1613]
Event: 3.399 Thread 0x0000000059628000 Exception <a 'java/lang/NoSuchMethodError': <clinit>> (0x00000000e05dfa40) thrown at [D:\src\AOSP-openjdk-cygwin\jdk8u\hotspot\src\share\vm\prims\jni.cpp, line 1613]
Event: 3.403 Thread 0x0000000059628000 Exception <a 'java/lang/NoSuchMethodError': <clinit>> (0x00000000e06068f8) thrown at [D:\src\AOSP-openjdk-cygwin\jdk8u\hotspot\src\share\vm\prims\jni.cpp, line 1613]
Event: 3.406 Thread 0x0000000059628000 Exception <a 'java/lang/NoSuchMethodError': <clinit>> (0x00000000e061eb00) thrown at [D:\src\AOSP-openjdk-cygwin\jdk8u\hotspot\src\share\vm\prims\jni.cpp, line 1613]
Event: 3.407 Thread 0x0000000059628000 Exception <a 'java/lang/NoSuchMethodError': <clinit>> (0x00000000e06275c8) thrown at [D:\src\AOSP-openjdk-cygwin\jdk8u\hotspot\src\share\vm\prims\jni.cpp, line 1613]
Event: 3.410 Thread 0x0000000059628000 Exception <a 'java/lang/NoSuchMethodError': <clinit>> (0x00000000e063d4c0) thrown at [D:\src\AOSP-openjdk-cygwin\jdk8u\hotspot\src\share\vm\prims\jni.cpp, line 1613]
Event: 3.421 Thread 0x0000000059628000 Exception <a 'java/lang/NoSuchMethodError': <clinit>> (0x00000000e069b738) thrown at [D:\src\AOSP-openjdk-cygwin\jdk8u\hotspot\src\share\vm\prims\jni.cpp, line 1613]
Event: 3.425 Thread 0x0000000059628000 Exception <a 'java/lang/NoSuchMethodError': <clinit>> (0x00000000e06c7400) thrown at [D:\src\AOSP-openjdk-cygwin\jdk8u\hotspot\src\share\vm\prims\jni.cpp, line 1613]
Event: 3.431 Thread 0x0000000059628000 Exception <a 'java/lang/NoSuchMethodError': <clinit>> (0x00000000e06f5a68) thrown at [D:\src\AOSP-openjdk-cygwin\jdk8u\hotspot\src\share\vm\prims\jni.cpp, line 1613]
Event: 3.431 Thread 0x0000000059628000 Exception <a 'java/lang/NoSuchMethodError': <clinit>> (0x00000000e0700e08) thrown at [D:\src\AOSP-openjdk-cygwin\jdk8u\hotspot\src\share\vm\prims\jni.cpp, line 1613]

Events (10 events):
Event: 3.850 loading class org/gradle/caching/BuildCacheServiceFactory
Event: 3.850 loading class org/gradle/caching/BuildCacheServiceFactory done
Event: 3.850 loading class org/gradle/plugins/ide/internal/tooling/ToolingModelServices$BuildScopeToolingServices
Event: 3.850 loading class org/gradle/plugins/ide/internal/tooling/ToolingModelServices$BuildScopeToolingServices done
Event: 3.851 loading class org/gradle/plugins/ide/internal/configurer/UniqueProjectNameProvider
Event: 3.851 loading class org/gradle/plugins/ide/internal/configurer/UniqueProjectNameProvider done
Event: 3.852 loading class org/gradle/ide/xcode/internal/services/XcodeServices$GlobalIdGeneratorServices
Event: 3.852 loading class org/gradle/ide/xcode/internal/services/XcodeServices$GlobalIdGeneratorServices done
Event: 3.852 loading class org/gradle/ide/xcode/internal/xcodeproj/GidGenerator
Event: 3.853 loading class org/gradle/ide/xcode/internal/xcodeproj/GidGenerator done


Dynamic libraries:
0x000000013faa0000 - 0x000000013fad1000 	C:\Program Files\Android\Android Studio\jre\bin\java.exe
0x0000000076f70000 - 0x0000000077119000 	C:\Windows\SYSTEM32\ntdll.dll
0x0000000076e50000 - 0x0000000076f6f000 	C:\Windows\system32\kernel32.dll
0x000007fefd0f0000 - 0x000007fefd15b000 	C:\Windows\system32\KERNELBASE.dll
0x000007fefed40000 - 0x000007fefee1b000 	C:\Windows\system32\ADVAPI32.dll
0x000007fefe7c0000 - 0x000007fefe85f000 	C:\Windows\system32\msvcrt.dll
0x000007feff260000 - 0x000007feff27f000 	C:\Windows\SYSTEM32\sechost.dll
0x000007fefe030000 - 0x000007fefe15d000 	C:\Windows\system32\RPCRT4.dll
0x0000000076d50000 - 0x0000000076e4a000 	C:\Windows\system32\USER32.dll
0x000007fefe680000 - 0x000007fefe6e7000 	C:\Windows\system32\GDI32.dll
0x000007fefe020000 - 0x000007fefe02e000 	C:\Windows\system32\LPK.dll
0x000007fefe6f0000 - 0x000007fefe7b9000 	C:\Windows\system32\USP10.dll
0x000007fefb2c0000 - 0x000007fefb4b4000 	C:\Windows\WinSxS\amd64_microsoft.windows.common-controls_6595b64144ccf1df_6.0.7601.17514_none_fa396087175ac9ac\COMCTL32.dll
0x000007fefd160000 - 0x000007fefd1d1000 	C:\Windows\system32\SHLWAPI.dll
0x000007feff050000 - 0x000007feff07e000 	C:\Windows\system32\IMM32.DLL
0x000007fefe290000 - 0x000007fefe399000 	C:\Windows\system32\MSCTF.dll
0x000000006cd90000 - 0x000000006ce62000 	C:\Program Files\Android\Android Studio\jre\jre\bin\msvcr100.dll
0x000000006ce70000 - 0x000000006d6b1000 	C:\Program Files\Android\Android Studio\jre\jre\bin\server\jvm.dll
0x000007fef3ad0000 - 0x000007fef3ad9000 	C:\Windows\system32\WSOCK32.dll
0x000007fefe160000 - 0x000007fefe1ad000 	C:\Windows\system32\WS2_32.dll
0x000007fefe010000 - 0x000007fefe018000 	C:\Windows\system32\NSI.dll
0x000007fef8ec0000 - 0x000007fef8efb000 	C:\Windows\system32\WINMM.dll
0x000007fefbe90000 - 0x000007fefbe9c000 	C:\Windows\system32\VERSION.dll
0x0000000077130000 - 0x0000000077137000 	C:\Windows\system32\PSAPI.DLL
0x000007fef89a0000 - 0x000007fef89af000 	C:\Program Files\Android\Android Studio\jre\jre\bin\verify.dll
0x000007fef8970000 - 0x000007fef8999000 	C:\Program Files\Android\Android Studio\jre\jre\bin\java.dll
0x000007fef8950000 - 0x000007fef8966000 	C:\Program Files\Android\Android Studio\jre\jre\bin\zip.dll
0x000007fefd280000 - 0x000007fefe008000 	C:\Windows\system32\SHELL32.dll
0x000007fefe860000 - 0x000007fefea63000 	C:\Windows\system32\ole32.dll
0x000007fefcd30000 - 0x000007fefcd3f000 	C:\Windows\system32\profapi.dll
0x000007fef8930000 - 0x000007fef894a000 	C:\Program Files\Android\Android Studio\jre\jre\bin\net.dll
0x000007fefc5a0000 - 0x000007fefc5f5000 	C:\Windows\system32\mswsock.dll
0x000007fefc590000 - 0x000007fefc597000 	C:\Windows\System32\wship6.dll
0x000007fef88d0000 - 0x000007fef88e1000 	C:\Program Files\Android\Android Studio\jre\jre\bin\nio.dll
0x000007fef88b0000 - 0x000007fef88ce000 	C:\Users\NY\.gradle\native\25\windows-amd64\native-platform.dll
0x000007fef8900000 - 0x000007fef890d000 	C:\Program Files\Android\Android Studio\jre\jre\bin\management.dll
0x000007fefc600000 - 0x000007fefc617000 	C:\Windows\system32\CRYPTSP.dll
0x000007fefc300000 - 0x000007fefc347000 	C:\Windows\system32\rsaenh.dll
0x000007fefc070000 - 0x000007fefc08e000 	C:\Windows\system32\USERENV.dll
0x000007fefcc60000 - 0x000007fefcc6f000 	C:\Windows\system32\CRYPTBASE.dll
0x000007fefb090000 - 0x000007fefb0b7000 	C:\Windows\system32\IPHLPAPI.DLL
0x000007fefb080000 - 0x000007fefb08b000 	C:\Windows\system32\WINNSI.DLL
0x000007fefae70000 - 0x000007fefae88000 	C:\Windows\system32\dhcpcsvc.DLL
0x000007fefae90000 - 0x000007fefaea1000 	C:\Windows\system32\dhcpcsvc6.DLL

VM Arguments:
jvm_args: -Xmx1536m -Dfile.encoding=x-windows-949 -Duser.country=KR -Duser.language=ko -Duser.variant 
java_command: org.gradle.launcher.daemon.bootstrap.GradleDaemon 4.10.1
java_class_path (initial): C:\Users\NY\.gradle\wrapper\dists\gradle-4.10.1-all\455itskqi2qtf0v2sja68alqd\gradle-4.10.1\lib\gradle-launcher-4.10.1.jar
Launcher Type: SUN_STANDARD

Environment Variables:
CLASSPATH=%JAVA_HOME%\lib
PATH=C:\Program Files (x86)\Common Files\Oracle\Java\javapath;C:\Program Files (x86)\Wizvera\Delfino;C:\Windows\system32;C:\Windows;C:\Windows\System32\Wbem;C:\Windows\System32\WindowsPowerShell\v1.0\;C:\Program Files (x86)\MySQL\MySQL Utilities 1.4.3\;C:\Program Files (x86)\MySQL\MySQL Utilities 1.4.3\Doctrine extensions for PHP\;C:\Program Files\Java\jre1.8.0_191;C:\Program Files\Java\jdk1.8.0_201\bin;C:\Users\NY\AppData\Local\Android\Sdk\platform-tools;C:\Program Files\Git\cmd;C:\Program Files\nodejs\;C:\Users\NY\AppData\Roaming\npm
USERNAME=NY
OS=Windows_NT
PROCESSOR_IDENTIFIER=Intel64 Family 6 Model 69 Stepping 1, GenuineIntel



---------------  S Y S T E M  ---------------

OS: Windows 7 , 64 bit Build 7601 (6.1.7601.18409)

CPU:total 4 (initial active 4) (2 cores per cpu, 2 threads per core) family 6 model 69 stepping 1, cmov, cx8, fxsr, mmx, sse, sse2, sse3, ssse3, sse4.1, sse4.2, popcnt, avx, avx2, aes, clmul, erms, lzcnt, ht, tsc, tscinvbit, bmi1, bmi2

Memory: 4k page, physical 4099876k(237368k free), swap 16397640k(5072k free)

vm_info: OpenJDK 64-Bit Server VM (25.152-b01) for windows-amd64 JRE (1.8.0_152-release-1248-b01), built by "builder" with MS VC++ 10.0 (VS2010)

time: Mon Feb 18 17:58:08 2019
elapsed time: 3 seconds (0d 0h 0m 3s)

